[04/04/21 14:00:18] "听着超舒服 (Remix)" | /home/specter/Music/7妹 _ 小可 - 听着超舒服 (Remix).mp3
[04/04/21 14:00:18] "故事与她 (DJ版)" | /home/specter/Music/98k _ 沈念 - 故事与她 (DJ版).mp3
[04/04/21 14:00:48] "故事与她（DJ版）-98k+沈念" | /home/specter/Music/98k&沈念 - 故事与她 (DJ版) .mp3
[04/04/21 14:01:33] "Right Now (Na Na Na)" | /home/specter/Music/Akon - Right Now (Na Na Na).mp3
[04/04/21 14:01:43] "南山南" | /home/specter/Music/DJRE - 南山南.mp3
[04/04/21 14:01:44] "朋友陪你醉" | /home/specter/Music/DJRE - 朋友陪你醉.mp3
[04/04/21 14:01:45] "栀子花的思念 (DJ阿远Extended Mix)" | /home/specter/Music/DJ - 栀子花的思念 (DJ阿远Extended Mix).mp3
[04/04/21 14:01:48] "pdd洪荒之力 (5D环绕版)" | /home/specter/Music/DJ晓坤 - pdd洪荒之力 (5D环绕版).mp3
[04/04/21 14:01:49] "活的精彩全凭本事" | /home/specter/Music/DJ马二色 - 活的精彩全凭本事.mp3
[04/04/21 14:01:51] "迷人的危险" | /home/specter/Music/Dance Flow - 迷人的危险.mp3
[04/04/21 14:01:52] "Jumpshot" | /home/specter/Music/Dawin - Jumpshot.mp3
[04/04/21 14:01:53] "4D大舞厅" | /home/specter/Music/FLUX - 4D大舞厅.mp3
[04/04/21 14:01:55] "Booty Music" | /home/specter/Music/Git Fresh - Booty Music.mp3
[04/04/21 14:01:59] "Runaway" | /home/specter/Music/Groove Coverage - Runaway.mp3
[04/04/21 14:02:00] "炸天：5D环绕声 Another Century&Supernatural (节目)" | /home/specter/Music/Hi柯磊 - 炸天：5D环绕声 Another Century&Supernatural (节目).mp3
[04/04/21 14:02:26] "落差" | /home/specter/Music/IN-K - 落差 (DJ版).mp3
[04/04/21 14:02:50] "Fade" | /home/specter/Music/Alan Walker - Fade .mp3
[04/04/21 14:02:52] "Hear Me Now" | /home/specter/Music/Alok _ Bruno Martini _ Zeeba - Hear Me Now.mp3
[04/04/21 14:02:55] "2002" | /home/specter/Music/Anne-Marie - 2002.mp3
[04/04/21 14:02:56] "Send It (feat. Rich Homie Quan)" | /home/specter/Music/Austin Mahone、Rich Homie Quan - Send It.mp3
[04/04/21 14:03:02] "LOSER" | /home/specter/Music/BIGBANG (빅뱅) - LOSER.mp3
[04/04/21 14:03:07] "SORROW" | /home/specter/Music/Bad Blood - SORROW [mqms2].mp3
[04/04/21 14:03:12] "All I Ever Wanted - Radio Edit" | /home/specter/Music/Basshunter - All I Ever Wanted - Radio Edit.mp3
[04/04/21 14:03:14] "Superstar" | /home/specter/Music/Beatrich - Superstar.mp3
[04/04/21 14:03:16] "I Love My Sex - Original" | /home/specter/Music/Benny Benassi - I Love My Sex - Original.mp3
[04/04/21 14:03:17] "Billie Eilish - bad guy.mp3" | /home/specter/Music/Billie Eilish - bad guy.mp3
[04/04/21 14:03:18] "TroubledYouth" | /home/specter/Music/Bones - TroubledYouth.mp3
[04/04/21 14:03:20] "溯 (Reverse) feat. 马吟吟" | /home/specter/Music/CORSAK _ 马吟吟 - 溯 (Reverse) feat. 马吟吟.mp3
[04/04/21 14:03:23] "Call Me Maybe" | /home/specter/Music/Carly Rae Jepsen - Call Me Maybe.mp3
[04/04/21 14:03:26] "Zippo" | /home/specter/Music/Chasjam - Zippo.mp3
[04/04/21 14:03:27] "Clairo - Pretty Girl.mp3" | /home/specter/Music/Clairo - Pretty Girl.mp3
[04/04/21 14:03:30] "Take Me to Infinity" | /home/specter/Music/Consoul Trainin - Take Me To Infinity.mp3
[04/04/21 14:07:18] "BINGBIAN病变" | /home/specter/Music/Cubi _ Fi9 _ Younglife - BINGBIAN病变.mp3
[04/04/21 14:07:55] "BINGBIAN病变" | /home/specter/Music/Cubi&Fi9&Younglife - BINGBIAN病变 .mp3
[04/04/21 14:52:39] "17摇摆 (Remix)" | /home/specter/Music/7妹 - 17摇摆 (Remix).mp3
[04/04/21 14:52:42] "Fade纯电 (纯电版)" | /home/specter/Music/7妹 _ DJ文森特 - Fade纯电 (纯电版).mp3
[04/04/21 14:54:17] "7妹最新混音慢摇 (Remix)" | /home/specter/Music/7妹 _ Along - 7妹最新混音慢摇 (Remix).mp3
[04/04/21 14:54:41] "中毒" | /home/specter/Music/光泽 - 中毒.mp3
[18/07/21 22:59:07] "酒伴到久伴" | /home/death/Music/6诗人&夏婉安 - 酒伴到久伴.mp3
[18/07/21 22:59:32] "Smack That (Remix)" | /home/death/Music/Akon _ Bobby Creekwater _ Stat Quo - Smack That (Remix).flac
[18/07/21 23:00:10] "Lost Control" | /home/death/Music/AlanWalker-LostControl.mp3
[18/07/21 23:00:20] "All Falls Down" | /home/death/Music/Alan Walker - All Falls Down.mp3
