=========================
FCITX 4.2.9.7 -- Get Signal No.: 6
Date: try "date -d @1626625083" if you are using GNU date ***
ProcessID: 4327
fcitx(+0x17d6)[0x563a7e7717d6]
/usr/lib/libc.so.6(+0x3cda0)[0x7fa876991da0]
/usr/lib/libc.so.6(gsignal+0x142)[0x7fa876991d22]
/usr/lib/libc.so.6(abort+0x116)[0x7fa87697b862]
/usr/lib/libc.so.6(+0x7ed28)[0x7fa8769d3d28]
/usr/lib/libc.so.6(+0x8692a)[0x7fa8769db92a]
/usr/lib/libc.so.6(+0x87e53)[0x7fa8769dce53]
/usr/lib/libc.so.6(cfree+0x68)[0x7fa8769e09e8]
/usr/lib/fcitx/fcitx-sogoupinyin.so(+0x346e4)[0x7fa8729026e4]
/usr/lib/fcitx/fcitx-sogoupinyin.so(+0x34635)[0x7fa872902635]
/usr/lib/fcitx/fcitx-sogoupinyin.so(+0x34561)[0x7fa872902561]
/usr/lib/fcitx/fcitx-sogoupinyin.so(+0x3437e)[0x7fa87290237e]
/usr/lib/fcitx/fcitx-sogoupinyin.so(+0x33e19)[0x7fa872901e19]
/usr/lib/fcitx/fcitx-sogoupinyin.so(+0x33df6)[0x7fa872901df6]
/usr/lib/fcitx/fcitx-sogoupinyin.so(+0x33ae2)[0x7fa872901ae2]
/usr/lib/fcitx/fcitx-sogoupinyin.so(+0x3476c)[0x7fa87290276c]
/usr/lib/libc.so.6(+0x3f4a7)[0x7fa8769944a7]
/usr/lib/libc.so.6(+0x3f64e)[0x7fa87699464e]
/usr/lib/libX11.so.6(+0x437bf)[0x7fa875e247bf]
/usr/lib/libX11.so.6(_XIOError+0x67)[0x7fa875e24b37]
/usr/lib/libX11.so.6(_XReply+0x420)[0x7fa875e229a0]
/usr/lib/libX11.so.6(XSync+0x4d)[0x7fa875e1df1d]
/usr/lib/libX11.so.6(XCloseDisplay+0x7d)[0x7fa875dff1cd]
/usr/lib/fcitx/fcitx-sogoupinyin.so(+0x3710c)[0x7fa87290510c]
/usr/lib/libfcitx-core.so.0(+0x9c97)[0x7fa876b78c97]
/usr/lib/libfcitx-core.so.0(FcitxInstanceRun+0x57)[0x7fa876b78db7]
fcitx(+0x113e)[0x563a7e77113e]
/usr/lib/libc.so.6(__libc_start_main+0xd5)[0x7fa87697cb25]
fcitx(+0x11be)[0x563a7e7711be]
